#
# There is insufficient memory for the Java Runtime Environment to continue.
# Native memory allocation (mmap) failed to map 35651584 bytes for G1 virtual space
# Possible reasons:
#   The system is out of physical RAM or swap space
#   The process is running with CompressedOops enabled, and the Java Heap may be blocking the growth of the native heap
# Possible solutions:
#   Reduce memory load on the system
#   Increase physical memory or swap space
#   Check if swap backing store is full
#   Decrease Java heap size (-Xmx/-Xms)
#   Decrease number of Java threads
#   Decrease Java thread stack sizes (-Xss)
#   Set larger code cache with -XX:ReservedCodeCacheSize=
#   JVM is running with Unscaled Compressed Oops mode in which the Java heap is
#     placed in the first 4GB address space. The Java Heap base address is the
#     maximum limit for the native heap growth. Please use -XX:HeapBaseMinAddress
#     to set the Java Heap base and to place the Java Heap above 4GB virtual address.
# This output file may be truncated or incomplete.
#
#  Out of Memory Error (os_windows.cpp:3600), pid=12132, tid=11976
#
# JRE version: Java(TM) SE Runtime Environment (21.0.3+7) (build 21.0.3+7-LTS-152)
# Java VM: Java HotSpot(TM) 64-Bit Server VM (21.0.3+7-LTS-152, mixed mode, sharing, tiered, compressed oops, compressed class ptrs, g1 gc, windows-amd64)
# No core dump will be written. Minidumps are not enabled by default on client versions of Windows
#

---------------  S U M M A R Y ------------

Command Line: -Dfile.encoding=UTF-8 -Dstdout.encoding=UTF-8 -Dstderr.encoding=UTF-8 --module-path=C:\Users\Hassen\eclipse-workspace\MP\bin -XX:+ShowCodeDetailsInExceptionMessages -Djdk.module.main=MP MP/moteurDeRecherche.Main

Host: 11th Gen Intel(R) Core(TM) i5-1135G7 @ 2.40GHz, 8 cores, 7G,  Windows 11 , 64 bit Build 22621 (10.0.22621.3374)
Time: Wed May 15 12:35:46 2024 Paris, Madrid elapsed time: 34.852667 seconds (0d 0h 0m 34s)

---------------  T H R E A D  ---------------

Current thread (0x0000019eb2de82e0):  VMThread "VM Thread"          [id=11976, stack(0x00000013f9300000,0x00000013f9400000) (1024K)]

Stack: [0x00000013f9300000,0x00000013f9400000]
Native frames: (J=compiled Java code, j=interpreted, Vv=VM code, C=native code)
V  [jvm.dll+0x6c63b9]
V  [jvm.dll+0x84fa11]
V  [jvm.dll+0x851f3e]
V  [jvm.dll+0x852613]
V  [jvm.dll+0x27cd46]
V  [jvm.dll+0x6c2b55]
V  [jvm.dll+0x6b76da]
V  [jvm.dll+0x35051a]
V  [jvm.dll+0x358176]
V  [jvm.dll+0x3aa84e]
V  [jvm.dll+0x3aaaf8]
V  [jvm.dll+0x32491c]
V  [jvm.dll+0x327166]
V  [jvm.dll+0x331046]
V  [jvm.dll+0x3673b5]
V  [jvm.dll+0x857fd0]
V  [jvm.dll+0x8590d4]
V  [jvm.dll+0x859610]
V  [jvm.dll+0x8598b3]
V  [jvm.dll+0x7f9ffb]
V  [jvm.dll+0x6c4a9d]
C  [ucrtbase.dll+0x29333]
C  [KERNEL32.DLL+0x1257d]
C  [ntdll.dll+0x5aa48]

VM_Operation (0x00000013f8effa50): G1PauseRemark, mode: safepoint, requested by thread 0x0000019e96598cf0


---------------  P R O C E S S  ---------------

Threads class SMR info:
_java_thread_list=0x0000019ef827efc0, length=11, elements={
0x0000019e942a8050, 0x0000019eb2e08000, 0x0000019eb2e09a30, 0x0000019eb2e0c780,
0x0000019eb2e0f3e0, 0x0000019eb2e10e50, 0x0000019eb2e198c0, 0x0000019eb2e42940,
0x0000019eb2e44a10, 0x0000019ef80c06a0, 0x0000019ef81ae640
}

Java Threads: ( => current thread )
  0x0000019e942a8050 JavaThread "main"                              [_thread_blocked, id=11984, stack(0x00000013f8c00000,0x00000013f8d00000) (1024K)]
  0x0000019eb2e08000 JavaThread "Reference Handler"          daemon [_thread_blocked, id=22004, stack(0x00000013f9400000,0x00000013f9500000) (1024K)]
  0x0000019eb2e09a30 JavaThread "Finalizer"                  daemon [_thread_blocked, id=18208, stack(0x00000013f9500000,0x00000013f9600000) (1024K)]
  0x0000019eb2e0c780 JavaThread "Signal Dispatcher"          daemon [_thread_blocked, id=24496, stack(0x00000013f9600000,0x00000013f9700000) (1024K)]
  0x0000019eb2e0f3e0 JavaThread "Attach Listener"            daemon [_thread_blocked, id=7756, stack(0x00000013f9700000,0x00000013f9800000) (1024K)]
  0x0000019eb2e10e50 JavaThread "Service Thread"             daemon [_thread_blocked, id=6492, stack(0x00000013f9800000,0x00000013f9900000) (1024K)]
  0x0000019eb2e198c0 JavaThread "Monitor Deflation Thread"   daemon [_thread_blocked, id=3332, stack(0x00000013f9900000,0x00000013f9a00000) (1024K)]
  0x0000019eb2e42940 JavaThread "C2 CompilerThread0"         daemon [_thread_blocked, id=24388, stack(0x00000013f9a00000,0x00000013f9b00000) (1024K)]
  0x0000019eb2e44a10 JavaThread "C1 CompilerThread0"         daemon [_thread_blocked, id=12516, stack(0x00000013f9b00000,0x00000013f9c00000) (1024K)]
  0x0000019ef80c06a0 JavaThread "Common-Cleaner"             daemon [_thread_blocked, id=17980, stack(0x00000013f9c00000,0x00000013f9d00000) (1024K)]
  0x0000019ef81ae640 JavaThread "Notification Thread"        daemon [_thread_blocked, id=21184, stack(0x00000013f9d00000,0x00000013f9e00000) (1024K)]
Total: 11

Other Threads:
=>0x0000019eb2de82e0 VMThread "VM Thread"                           [id=11976, stack(0x00000013f9300000,0x00000013f9400000) (1024K)]
  0x0000019eb2dd09e0 WatcherThread "VM Periodic Task Thread"        [id=15208, stack(0x00000013f9200000,0x00000013f9300000) (1024K)]
  0x0000019e965883d0 WorkerThread "GC Thread#0"                     [id=15880, stack(0x00000013f8d00000,0x00000013f8e00000) (1024K)]
  0x0000019ef8080c80 WorkerThread "GC Thread#1"                     [id=20552, stack(0x00000013fa000000,0x00000013fa100000) (1024K)]
  0x0000019ef8091410 WorkerThread "GC Thread#2"                     [id=14192, stack(0x00000013fa100000,0x00000013fa200000) (1024K)]
  0x0000019ef83630b0 WorkerThread "GC Thread#3"                     [id=24400, stack(0x00000013fa200000,0x00000013fa300000) (1024K)]
  0x0000019ef8363450 WorkerThread "GC Thread#4"                     [id=21952, stack(0x00000013fa300000,0x00000013fa400000) (1024K)]
  0x0000019e96598cf0 ConcurrentGCThread "G1 Main Marker"            [id=16824, stack(0x00000013f8e00000,0x00000013f8f00000) (1024K)]
  0x0000019e9659a000 WorkerThread "G1 Conc#0"                       [id=15044, stack(0x00000013f8f00000,0x00000013f9000000) (1024K)]
  0x0000019ef8166dc0 WorkerThread "G1 Conc#1"                       [id=9160, stack(0x00000013f8a00000,0x00000013f8b00000) (1024K)]
  0x0000019e965fe1c0 ConcurrentGCThread "G1 Refine#0"               [id=1660, stack(0x00000013f9000000,0x00000013f9100000) (1024K)]
  0x0000019eb2ca40e0 ConcurrentGCThread "G1 Service"                [id=11268, stack(0x00000013f9100000,0x00000013f9200000) (1024K)]
Total: 12

Threads with active compile tasks:
Total: 0

VM state: at safepoint (normal execution)

VM Mutex/Monitor currently owned by a thread:  ([mutex/lock_event])
[0x00007fff930c2da8] Threads_lock - owner thread: 0x0000019eb2de82e0
[0x00007fff930c2ea8] Heap_lock - owner thread: 0x0000019e96598cf0

Heap address: 0x0000000083600000, size: 1994 MB, Compressed Oops mode: 32-bit

CDS archive(s) mapped at: [0x0000019eb3000000-0x0000019eb3c90000-0x0000019eb3c90000), size 13172736, SharedBaseAddress: 0x0000019eb3000000, ArchiveRelocationMode: 1.
Compressed class space mapped at: 0x0000019eb4000000-0x0000019ef4000000, reserved size: 1073741824
Narrow klass base: 0x0000019eb3000000, Narrow klass shift: 0, Narrow klass range: 0x100000000

GC Precious Log:
 CardTable entry size: 512
 Card Set container configuration: InlinePtr #cards 5 size 8 Array Of Cards #cards 12 size 40 Howl #buckets 4 coarsen threshold 1843 Howl Bitmap #cards 512 size 80 coarsen threshold 460 Card regions per heap region 1 cards per card region 2048
 CPUs: 8 total, 8 available
 Memory: 7971M
 Large Page Support: Disabled
 NUMA Support: Disabled
 Compressed Oops: Enabled (32-bit)
 Heap Region Size: 1M
 Heap Min Capacity: 8M
 Heap Initial Capacity: 126M
 Heap Max Capacity: 1994M
 Pre-touch: Disabled
 Parallel Workers: 8
 Concurrent Workers: 2
 Concurrent Refinement Workers: 8
 Periodic GC: Disabled

Heap:
 garbage-first heap   total 253952K, used 170813K [0x0000000083600000, 0x0000000100000000)
  region size 1024K, 21 young (21504K), 10 survivors (10240K)
 Metaspace       used 1245K, committed 1472K, reserved 1114112K
  class space    used 98K, committed 192K, reserved 1048576K

Heap Regions: E=young(eden), S=young(survivor), O=old, HS=humongous(starts), HC=humongous(continues), CS=collection set, F=free, TAMS=top-at-mark-start, PB=parsable bottom
|   0|0x0000000083600000, 0x0000000083700000, 0x0000000083700000|100%| O|  |TAMS 0x0000000083700000| PB 0x0000000083700000| Untracked 
|   1|0x0000000083700000, 0x0000000083800000, 0x0000000083800000|100%| O|  |TAMS 0x0000000083800000| PB 0x0000000083800000| Untracked 
|   2|0x0000000083800000, 0x0000000083900000, 0x0000000083900000|100%| O|  |TAMS 0x0000000083900000| PB 0x0000000083900000| Untracked 
|   3|0x0000000083900000, 0x0000000083a00000, 0x0000000083a00000|100%| O|  |TAMS 0x0000000083a00000| PB 0x0000000083a00000| Updating 
|   4|0x0000000083a00000, 0x0000000083b00000, 0x0000000083b00000|100%| O|  |TAMS 0x0000000083b00000| PB 0x0000000083b00000| Untracked 
|   5|0x0000000083b00000, 0x0000000083c00000, 0x0000000083c00000|100%| O|  |TAMS 0x0000000083c00000| PB 0x0000000083c00000| Untracked 
|   6|0x0000000083c00000, 0x0000000083d00000, 0x0000000083d00000|100%| O|  |TAMS 0x0000000083d00000| PB 0x0000000083d00000| Untracked 
|   7|0x0000000083d00000, 0x0000000083e00000, 0x0000000083e00000|100%| O|  |TAMS 0x0000000083e00000| PB 0x0000000083e00000| Untracked 
|   8|0x0000000083e00000, 0x0000000083f00000, 0x0000000083f00000|100%| O|  |TAMS 0x0000000083f00000| PB 0x0000000083f00000| Untracked 
|   9|0x0000000083f00000, 0x0000000084000000, 0x0000000084000000|100%| O|  |TAMS 0x0000000084000000| PB 0x0000000084000000| Untracked 
|  10|0x0000000084000000, 0x0000000084100000, 0x0000000084100000|100%| O|  |TAMS 0x0000000084100000| PB 0x0000000084100000| Updating 
|  11|0x0000000084100000, 0x0000000084200000, 0x0000000084200000|100%| O|  |TAMS 0x0000000084100000| PB 0x0000000084100000| Untracked 
|  12|0x0000000084200000, 0x0000000084300000, 0x0000000084300000|100%| O|  |TAMS 0x0000000084300000| PB 0x0000000084300000| Updating 
|  13|0x0000000084300000, 0x0000000084400000, 0x0000000084400000|100%| O|  |TAMS 0x0000000084300000| PB 0x0000000084300000| Untracked 
|  14|0x0000000084400000, 0x0000000084500000, 0x0000000084500000|100%| O|  |TAMS 0x0000000084500000| PB 0x0000000084500000| Untracked 
|  15|0x0000000084500000, 0x0000000084600000, 0x0000000084600000|100%| O|  |TAMS 0x0000000084600000| PB 0x0000000084600000| Updating 
|  16|0x0000000084600000, 0x0000000084700000, 0x0000000084700000|100%| O|  |TAMS 0x0000000084700000| PB 0x0000000084700000| Untracked 
|  17|0x0000000084700000, 0x0000000084800000, 0x0000000084800000|100%| O|  |TAMS 0x0000000084800000| PB 0x0000000084800000| Updating 
|  18|0x0000000084800000, 0x0000000084900000, 0x0000000084900000|100%| O|  |TAMS 0x0000000084900000| PB 0x0000000084900000| Untracked 
|  19|0x0000000084900000, 0x0000000084a00000, 0x0000000084a00000|100%| O|  |TAMS 0x0000000084a00000| PB 0x0000000084a00000| Untracked 
|  20|0x0000000084a00000, 0x0000000084b00000, 0x0000000084b00000|100%| O|  |TAMS 0x0000000084b00000| PB 0x0000000084b00000| Untracked 
|  21|0x0000000084b00000, 0x0000000084c00000, 0x0000000084c00000|100%| O|  |TAMS 0x0000000084c00000| PB 0x0000000084c00000| Updating 
|  22|0x0000000084c00000, 0x0000000084d00000, 0x0000000084d00000|100%| O|  |TAMS 0x0000000084d00000| PB 0x0000000084d00000| Untracked 
|  23|0x0000000084d00000, 0x0000000084e00000, 0x0000000084e00000|100%| O|  |TAMS 0x0000000084e00000| PB 0x0000000084e00000| Untracked 
|  24|0x0000000084e00000, 0x0000000084f00000, 0x0000000084f00000|100%| O|  |TAMS 0x0000000084f00000| PB 0x0000000084f00000| Untracked 
|  25|0x0000000084f00000, 0x0000000085000000, 0x0000000085000000|100%| O|  |TAMS 0x0000000085000000| PB 0x0000000085000000| Untracked 
|  26|0x0000000085000000, 0x0000000085100000, 0x0000000085100000|100%| O|  |TAMS 0x0000000085100000| PB 0x0000000085100000| Untracked 
|  27|0x0000000085100000, 0x0000000085200000, 0x0000000085200000|100%| O|  |TAMS 0x0000000085200000| PB 0x0000000085200000| Untracked 
|  28|0x0000000085200000, 0x0000000085300000, 0x0000000085300000|100%| O|  |TAMS 0x0000000085300000| PB 0x0000000085300000| Updating 
|  29|0x0000000085300000, 0x0000000085400000, 0x0000000085400000|100%| O|  |TAMS 0x0000000085400000| PB 0x0000000085400000| Untracked 
|  30|0x0000000085400000, 0x0000000085500000, 0x0000000085500000|100%| O|  |TAMS 0x0000000085500000| PB 0x0000000085500000| Untracked 
|  31|0x0000000085500000, 0x0000000085600000, 0x0000000085600000|100%| O|  |TAMS 0x0000000085600000| PB 0x0000000085600000| Untracked 
|  32|0x0000000085600000, 0x0000000085700000, 0x0000000085700000|100%| O|  |TAMS 0x0000000085700000| PB 0x0000000085700000| Untracked 
|  33|0x0000000085700000, 0x0000000085800000, 0x0000000085800000|100%| O|  |TAMS 0x0000000085800000| PB 0x0000000085800000| Untracked 
|  34|0x0000000085800000, 0x0000000085900000, 0x0000000085900000|100%| O|  |TAMS 0x0000000085900000| PB 0x0000000085900000| Untracked 
|  35|0x0000000085900000, 0x0000000085a00000, 0x0000000085a00000|100%| O|  |TAMS 0x0000000085a00000| PB 0x0000000085a00000| Untracked 
|  36|0x0000000085a00000, 0x0000000085b00000, 0x0000000085b00000|100%| O|  |TAMS 0x0000000085b00000| PB 0x0000000085b00000| Untracked 
|  37|0x0000000085b00000, 0x0000000085c00000, 0x0000000085c00000|100%| O|  |TAMS 0x0000000085c00000| PB 0x0000000085c00000| Untracked 
|  38|0x0000000085c00000, 0x0000000085d00000, 0x0000000085d00000|100%| O|  |TAMS 0x0000000085d00000| PB 0x0000000085d00000| Untracked 
|  39|0x0000000085d00000, 0x0000000085e00000, 0x0000000085e00000|100%| O|  |TAMS 0x0000000085e00000| PB 0x0000000085e00000| Updating 
|  40|0x0000000085e00000, 0x0000000085f00000, 0x0000000085f00000|100%| O|  |TAMS 0x0000000085f00000| PB 0x0000000085f00000| Updating 
|  41|0x0000000085f00000, 0x0000000086000000, 0x0000000086000000|100%| O|  |TAMS 0x0000000086000000| PB 0x0000000086000000| Updating 
|  42|0x0000000086000000, 0x0000000086100000, 0x0000000086100000|100%| O|  |TAMS 0x0000000086100000| PB 0x0000000086100000| Untracked 
|  43|0x0000000086100000, 0x0000000086200000, 0x0000000086200000|100%| O|  |TAMS 0x0000000086200000| PB 0x0000000086200000| Updating 
|  44|0x0000000086200000, 0x0000000086300000, 0x0000000086300000|100%| O|  |TAMS 0x0000000086300000| PB 0x0000000086300000| Untracked 
|  45|0x0000000086300000, 0x0000000086400000, 0x0000000086400000|100%| O|  |TAMS 0x0000000086400000| PB 0x0000000086400000| Untracked 
|  46|0x0000000086400000, 0x0000000086500000, 0x0000000086500000|100%| O|  |TAMS 0x0000000086500000| PB 0x0000000086500000| Untracked 
|  47|0x0000000086500000, 0x0000000086600000, 0x0000000086600000|100%| O|  |TAMS 0x0000000086600000| PB 0x0000000086600000| Untracked 
|  48|0x0000000086600000, 0x0000000086700000, 0x0000000086700000|100%| O|  |TAMS 0x0000000086700000| PB 0x0000000086700000| Untracked 
|  49|0x0000000086700000, 0x0000000086800000, 0x0000000086800000|100%| O|  |TAMS 0x0000000086800000| PB 0x0000000086800000| Untracked 
|  50|0x0000000086800000, 0x0000000086900000, 0x0000000086900000|100%| O|  |TAMS 0x0000000086900000| PB 0x0000000086900000| Updating 
|  51|0x0000000086900000, 0x0000000086a00000, 0x0000000086a00000|100%| O|  |TAMS 0x0000000086a00000| PB 0x0000000086a00000| Untracked 
|  52|0x0000000086a00000, 0x0000000086b00000, 0x0000000086b00000|100%| O|  |TAMS 0x0000000086b00000| PB 0x0000000086b00000| Untracked 
|  53|0x0000000086b00000, 0x0000000086c00000, 0x0000000086c00000|100%| O|  |TAMS 0x0000000086c00000| PB 0x0000000086c00000| Untracked 
|  54|0x0000000086c00000, 0x0000000086d00000, 0x0000000086d00000|100%| O|  |TAMS 0x0000000086d00000| PB 0x0000000086d00000| Untracked 
|  55|0x0000000086d00000, 0x0000000086e00000, 0x0000000086e00000|100%| O|  |TAMS 0x0000000086e00000| PB 0x0000000086e00000| Untracked 
|  56|0x0000000086e00000, 0x0000000086f00000, 0x0000000086f00000|100%| O|  |TAMS 0x0000000086f00000| PB 0x0000000086f00000| Untracked 
|  57|0x0000000086f00000, 0x0000000087000000, 0x0000000087000000|100%| O|  |TAMS 0x0000000087000000| PB 0x0000000087000000| Untracked 
|  58|0x0000000087000000, 0x0000000087100000, 0x0000000087100000|100%| O|  |TAMS 0x0000000087100000| PB 0x0000000087100000| Updating 
|  59|0x0000000087100000, 0x0000000087200000, 0x0000000087200000|100%| O|  |TAMS 0x0000000087200000| PB 0x0000000087200000| Updating 
|  60|0x0000000087200000, 0x0000000087300000, 0x0000000087300000|100%| O|  |TAMS 0x0000000087300000| PB 0x0000000087300000| Untracked 
|  61|0x0000000087300000, 0x0000000087400000, 0x0000000087400000|100%| O|  |TAMS 0x0000000087400000| PB 0x0000000087400000| Untracked 
|  62|0x0000000087400000, 0x0000000087500000, 0x0000000087500000|100%| O|  |TAMS 0x0000000087500000| PB 0x0000000087500000| Untracked 
|  63|0x0000000087500000, 0x0000000087600000, 0x0000000087600000|100%| O|  |TAMS 0x0000000087600000| PB 0x0000000087600000| Untracked 
|  64|0x0000000087600000, 0x0000000087700000, 0x0000000087700000|100%| O|  |TAMS 0x0000000087700000| PB 0x0000000087700000| Untracked 
|  65|0x0000000087700000, 0x0000000087800000, 0x0000000087800000|100%| O|  |TAMS 0x0000000087800000| PB 0x0000000087800000| Untracked 
|  66|0x0000000087800000, 0x0000000087900000, 0x0000000087900000|100%| O|  |TAMS 0x0000000087900000| PB 0x0000000087900000| Untracked 
|  67|0x0000000087900000, 0x0000000087a00000, 0x0000000087a00000|100%| O|  |TAMS 0x0000000087a00000| PB 0x0000000087a00000| Updating 
|  68|0x0000000087a00000, 0x0000000087b00000, 0x0000000087b00000|100%| O|  |TAMS 0x0000000087b00000| PB 0x0000000087b00000| Updating 
|  69|0x0000000087b00000, 0x0000000087c00000, 0x0000000087c00000|100%| O|  |TAMS 0x0000000087c00000| PB 0x0000000087c00000| Untracked 
|  70|0x0000000087c00000, 0x0000000087d00000, 0x0000000087d00000|100%| O|  |TAMS 0x0000000087d00000| PB 0x0000000087d00000| Untracked 
|  71|0x0000000087d00000, 0x0000000087e00000, 0x0000000087e00000|100%| O|  |TAMS 0x0000000087e00000| PB 0x0000000087e00000| Untracked 
|  72|0x0000000087e00000, 0x0000000087f00000, 0x0000000087f00000|100%| O|  |TAMS 0x0000000087f00000| PB 0x0000000087f00000| Untracked 
|  73|0x0000000087f00000, 0x0000000088000000, 0x0000000088000000|100%| O|  |TAMS 0x0000000088000000| PB 0x0000000088000000| Untracked 
|  74|0x0000000088000000, 0x0000000088100000, 0x0000000088100000|100%| O|  |TAMS 0x0000000088100000| PB 0x0000000088100000| Untracked 
|  75|0x0000000088100000, 0x0000000088200000, 0x0000000088200000|100%| O|  |TAMS 0x0000000088200000| PB 0x0000000088200000| Updating 
|  76|0x0000000088200000, 0x0000000088300000, 0x0000000088300000|100%| O|  |TAMS 0x0000000088300000| PB 0x0000000088300000| Untracked 
|  77|0x0000000088300000, 0x0000000088400000, 0x0000000088400000|100%| O|  |TAMS 0x0000000088400000| PB 0x0000000088400000| Untracked 
|  78|0x0000000088400000, 0x0000000088500000, 0x0000000088500000|100%| O|  |TAMS 0x0000000088500000| PB 0x0000000088500000| Untracked 
|  79|0x0000000088500000, 0x0000000088600000, 0x0000000088600000|100%| O|  |TAMS 0x0000000088600000| PB 0x0000000088600000| Untracked 
|  80|0x0000000088600000, 0x0000000088700000, 0x0000000088700000|100%| O|  |TAMS 0x0000000088700000| PB 0x0000000088700000| Updating 
|  81|0x0000000088700000, 0x0000000088800000, 0x0000000088800000|100%| O|  |TAMS 0x0000000088800000| PB 0x0000000088800000| Untracked 
|  82|0x0000000088800000, 0x0000000088900000, 0x0000000088900000|100%| O|  |TAMS 0x0000000088900000| PB 0x0000000088900000| Untracked 
|  83|0x0000000088900000, 0x0000000088a00000, 0x0000000088a00000|100%| O|  |TAMS 0x0000000088a00000| PB 0x0000000088a00000| Untracked 
|  84|0x0000000088a00000, 0x0000000088b00000, 0x0000000088b00000|100%| O|  |TAMS 0x0000000088b00000| PB 0x0000000088b00000| Untracked 
|  85|0x0000000088b00000, 0x0000000088c00000, 0x0000000088c00000|100%| O|  |TAMS 0x0000000088c00000| PB 0x0000000088c00000| Untracked 
|  86|0x0000000088c00000, 0x0000000088d00000, 0x0000000088d00000|100%| O|  |TAMS 0x0000000088d00000| PB 0x0000000088d00000| Untracked 
|  87|0x0000000088d00000, 0x0000000088e00000, 0x0000000088e00000|100%| O|  |TAMS 0x0000000088e00000| PB 0x0000000088e00000| Untracked 
|  88|0x0000000088e00000, 0x0000000088f00000, 0x0000000088f00000|100%| O|  |TAMS 0x0000000088f00000| PB 0x0000000088f00000| Untracked 
|  89|0x0000000088f00000, 0x0000000089000000, 0x0000000089000000|100%| O|  |TAMS 0x0000000089000000| PB 0x0000000089000000| Untracked 
|  90|0x0000000089000000, 0x0000000089100000, 0x0000000089100000|100%| O|  |TAMS 0x0000000089100000| PB 0x0000000089100000| Untracked 
|  91|0x0000000089100000, 0x0000000089200000, 0x0000000089200000|100%| O|  |TAMS 0x0000000089200000| PB 0x0000000089200000| Untracked 
|  92|0x0000000089200000, 0x0000000089300000, 0x0000000089300000|100%| O|  |TAMS 0x0000000089300000| PB 0x0000000089300000| Untracked 
|  93|0x0000000089300000, 0x0000000089400000, 0x0000000089400000|100%| O|  |TAMS 0x0000000089400000| PB 0x0000000089400000| Untracked 
|  94|0x0000000089400000, 0x0000000089500000, 0x0000000089500000|100%| O|  |TAMS 0x0000000089500000| PB 0x0000000089500000| Untracked 
|  95|0x0000000089500000, 0x0000000089600000, 0x0000000089600000|100%| O|  |TAMS 0x0000000089600000| PB 0x0000000089600000| Untracked 
|  96|0x0000000089600000, 0x0000000089700000, 0x0000000089700000|100%| O|  |TAMS 0x0000000089700000| PB 0x0000000089700000| Untracked 
|  97|0x0000000089700000, 0x0000000089800000, 0x0000000089800000|100%| O|  |TAMS 0x0000000089800000| PB 0x0000000089800000| Untracked 
|  98|0x0000000089800000, 0x0000000089900000, 0x0000000089900000|100%| O|  |TAMS 0x0000000089900000| PB 0x0000000089900000| Untracked 
|  99|0x0000000089900000, 0x0000000089a00000, 0x0000000089a00000|100%| O|  |TAMS 0x0000000089900000| PB 0x0000000089900000| Untracked 
| 100|0x0000000089a00000, 0x0000000089b00000, 0x0000000089b00000|100%| O|  |TAMS 0x0000000089b00000| PB 0x0000000089b00000| Untracked 
| 101|0x0000000089b00000, 0x0000000089c00000, 0x0000000089c00000|100%| O|  |TAMS 0x0000000089c00000| PB 0x0000000089c00000| Untracked 
| 102|0x0000000089c00000, 0x0000000089d00000, 0x0000000089d00000|100%| O|  |TAMS 0x0000000089d00000| PB 0x0000000089d00000| Updating 
| 103|0x0000000089d00000, 0x0000000089e00000, 0x0000000089e00000|100%| O|  |TAMS 0x0000000089e00000| PB 0x0000000089e00000| Updating 
| 104|0x0000000089e00000, 0x0000000089e00000, 0x0000000089f00000|  0%| F|  |TAMS 0x0000000089e00000| PB 0x0000000089e00000| Untracked 
| 105|0x0000000089f00000, 0x0000000089f00000, 0x000000008a000000|  0%| F|  |TAMS 0x0000000089f00000| PB 0x0000000089f00000| Untracked 
| 106|0x000000008a000000, 0x000000008a000000, 0x000000008a100000|  0%| F|  |TAMS 0x000000008a000000| PB 0x000000008a000000| Untracked 
| 107|0x000000008a100000, 0x000000008a100000, 0x000000008a200000|  0%| F|  |TAMS 0x000000008a100000| PB 0x000000008a100000| Untracked 
| 108|0x000000008a200000, 0x000000008a200000, 0x000000008a300000|  0%| F|  |TAMS 0x000000008a200000| PB 0x000000008a200000| Untracked 
| 109|0x000000008a300000, 0x000000008a400000, 0x000000008a400000|100%| O|  |TAMS 0x000000008a400000| PB 0x000000008a400000| Untracked 
| 110|0x000000008a400000, 0x000000008a500000, 0x000000008a500000|100%| O|  |TAMS 0x000000008a500000| PB 0x000000008a500000| Untracked 
| 111|0x000000008a500000, 0x000000008a600000, 0x000000008a600000|100%| O|  |TAMS 0x000000008a600000| PB 0x000000008a600000| Untracked 
| 112|0x000000008a600000, 0x000000008a700000, 0x000000008a700000|100%| O|  |TAMS 0x000000008a700000| PB 0x000000008a700000| Untracked 
| 113|0x000000008a700000, 0x000000008a800000, 0x000000008a800000|100%| O|  |TAMS 0x000000008a800000| PB 0x000000008a800000| Updating 
| 114|0x000000008a800000, 0x000000008a900000, 0x000000008a900000|100%| O|  |TAMS 0x000000008a900000| PB 0x000000008a900000| Untracked 
| 115|0x000000008a900000, 0x000000008aa00000, 0x000000008aa00000|100%| O|  |TAMS 0x000000008aa00000| PB 0x000000008aa00000| Untracked 
| 116|0x000000008aa00000, 0x000000008ab00000, 0x000000008ab00000|100%| O|  |TAMS 0x000000008ab00000| PB 0x000000008ab00000| Untracked 
| 117|0x000000008ab00000, 0x000000008ac00000, 0x000000008ac00000|100%| O|  |TAMS 0x000000008ac00000| PB 0x000000008ac00000| Untracked 
| 118|0x000000008ac00000, 0x000000008ad00000, 0x000000008ad00000|100%| O|  |TAMS 0x000000008ad00000| PB 0x000000008ad00000| Untracked 
| 119|0x000000008ad00000, 0x000000008ae00000, 0x000000008ae00000|100%| O|  |TAMS 0x000000008ae00000| PB 0x000000008ae00000| Untracked 
| 120|0x000000008ae00000, 0x000000008af00000, 0x000000008af00000|100%| O|  |TAMS 0x000000008af00000| PB 0x000000008af00000| Untracked 
| 121|0x000000008af00000, 0x000000008b000000, 0x000000008b000000|100%| O|  |TAMS 0x000000008b000000| PB 0x000000008b000000| Untracked 
| 122|0x000000008b000000, 0x000000008b100000, 0x000000008b100000|100%| O|  |TAMS 0x000000008b100000| PB 0x000000008b100000| Untracked 
| 123|0x000000008b100000, 0x000000008b200000, 0x000000008b200000|100%| O|  |TAMS 0x000000008b200000| PB 0x000000008b200000| Updating 
| 124|0x000000008b200000, 0x000000008b300000, 0x000000008b300000|100%| O|  |TAMS 0x000000008b300000| PB 0x000000008b300000| Untracked 
| 125|0x000000008b300000, 0x000000008b400000, 0x000000008b400000|100%| O|  |TAMS 0x000000008b400000| PB 0x000000008b400000| Updating 
| 126|0x000000008b400000, 0x000000008b500000, 0x000000008b500000|100%| O|  |TAMS 0x000000008b500000| PB 0x000000008b500000| Updating 
| 127|0x000000008b500000, 0x000000008b600000, 0x000000008b600000|100%|HS|  |TAMS 0x000000008b600000| PB 0x000000008b500000| Complete 
| 128|0x000000008b600000, 0x000000008b700000, 0x000000008b700000|100%|HC|  |TAMS 0x000000008b700000| PB 0x000000008b600000| Complete 
| 129|0x000000008b700000, 0x000000008b800000, 0x000000008b800000|100%|HC|  |TAMS 0x000000008b800000| PB 0x000000008b700000| Complete 
| 130|0x000000008b800000, 0x000000008b900000, 0x000000008b900000|100%|HC|  |TAMS 0x000000008b900000| PB 0x000000008b800000| Complete 
| 131|0x000000008b900000, 0x000000008ba00000, 0x000000008ba00000|100%|HC|  |TAMS 0x000000008ba00000| PB 0x000000008b900000| Complete 
| 132|0x000000008ba00000, 0x000000008bb00000, 0x000000008bb00000|100%|HC|  |TAMS 0x000000008bb00000| PB 0x000000008ba00000| Complete 
| 133|0x000000008bb00000, 0x000000008bc00000, 0x000000008bc00000|100%|HC|  |TAMS 0x000000008bc00000| PB 0x000000008bb00000| Complete 
| 134|0x000000008bc00000, 0x000000008bd00000, 0x000000008bd00000|100%| O|  |TAMS 0x000000008bd00000| PB 0x000000008bd00000| Untracked 
| 135|0x000000008bd00000, 0x000000008be00000, 0x000000008be00000|100%| O|  |TAMS 0x000000008bd00000| PB 0x000000008bd00000| Untracked 
| 136|0x000000008be00000, 0x000000008bf00000, 0x000000008bf00000|100%| O|  |TAMS 0x000000008bf00000| PB 0x000000008bf00000| Untracked 
| 137|0x000000008bf00000, 0x000000008c000000, 0x000000008c000000|100%| O|  |TAMS 0x000000008c000000| PB 0x000000008c000000| Untracked 
| 138|0x000000008c000000, 0x000000008c100000, 0x000000008c100000|100%| O|  |TAMS 0x000000008c100000| PB 0x000000008c100000| Untracked 
| 139|0x000000008c100000, 0x000000008c200000, 0x000000008c200000|100%| O|  |TAMS 0x000000008c200000| PB 0x000000008c200000| Untracked 
| 140|0x000000008c200000, 0x000000008c300000, 0x000000008c300000|100%| O|  |TAMS 0x000000008c300000| PB 0x000000008c300000| Untracked 
| 141|0x000000008c300000, 0x000000008c400000, 0x000000008c400000|100%| O|  |TAMS 0x000000008c400000| PB 0x000000008c400000| Untracked 
| 142|0x000000008c400000, 0x000000008c500000, 0x000000008c500000|100%| O|  |TAMS 0x000000008c500000| PB 0x000000008c500000| Untracked 
| 143|0x000000008c500000, 0x000000008c600000, 0x000000008c600000|100%| O|  |TAMS 0x000000008c600000| PB 0x000000008c600000| Untracked 
| 144|0x000000008c600000, 0x000000008c700000, 0x000000008c700000|100%| O|  |TAMS 0x000000008c700000| PB 0x000000008c700000| Updating 
| 145|0x000000008c700000, 0x000000008c800000, 0x000000008c800000|100%| O|  |TAMS 0x000000008c7cf540| PB 0x000000008c7cf540| Updating 
| 146|0x000000008c800000, 0x000000008c800000, 0x000000008c900000|  0%| F|  |TAMS 0x000000008c800000| PB 0x000000008c800000| Untracked 
| 147|0x000000008c900000, 0x000000008c900000, 0x000000008ca00000|  0%| F|  |TAMS 0x000000008c900000| PB 0x000000008c900000| Untracked 
| 148|0x000000008ca00000, 0x000000008cb00000, 0x000000008cb00000|100%| O|  |TAMS 0x000000008ca00000| PB 0x000000008ca00000| Untracked 
| 149|0x000000008cb00000, 0x000000008cc00000, 0x000000008cc00000|100%| O|  |TAMS 0x000000008cb00000| PB 0x000000008cb00000| Untracked 
| 150|0x000000008cc00000, 0x000000008cd00000, 0x000000008cd00000|100%| O|  |TAMS 0x000000008cc00000| PB 0x000000008cc00000| Untracked 
| 151|0x000000008cd00000, 0x000000008ce00000, 0x000000008ce00000|100%| O|  |TAMS 0x000000008cd00000| PB 0x000000008cd00000| Untracked 
| 152|0x000000008ce00000, 0x000000008cf00000, 0x000000008cf00000|100%| O|  |TAMS 0x000000008ce00000| PB 0x000000008ce00000| Untracked 
| 153|0x000000008cf00000, 0x000000008d000000, 0x000000008d000000|100%| O|  |TAMS 0x000000008cf00000| PB 0x000000008cf00000| Untracked 
| 154|0x000000008d000000, 0x000000008d06bea8, 0x000000008d100000| 42%| O|  |TAMS 0x000000008d000000| PB 0x000000008d000000| Updating 
| 155|0x000000008d100000, 0x000000008d100000, 0x000000008d200000|  0%| F|  |TAMS 0x000000008d100000| PB 0x000000008d100000| Untracked 
| 156|0x000000008d200000, 0x000000008d200000, 0x000000008d300000|  0%| F|  |TAMS 0x000000008d200000| PB 0x000000008d200000| Untracked 
| 157|0x000000008d300000, 0x000000008d300000, 0x000000008d400000|  0%| F|  |TAMS 0x000000008d300000| PB 0x000000008d300000| Untracked 
| 158|0x000000008d400000, 0x000000008d400000, 0x000000008d500000|  0%| F|  |TAMS 0x000000008d400000| PB 0x000000008d400000| Untracked 
| 159|0x000000008d500000, 0x000000008d500000, 0x000000008d600000|  0%| F|  |TAMS 0x000000008d500000| PB 0x000000008d500000| Untracked 
| 160|0x000000008d600000, 0x000000008d600000, 0x000000008d700000|  0%| F|  |TAMS 0x000000008d600000| PB 0x000000008d600000| Untracked 
| 161|0x000000008d700000, 0x000000008d763810, 0x000000008d800000| 38%| S|CS|TAMS 0x000000008d700000| PB 0x000000008d700000| Complete 
| 162|0x000000008d800000, 0x000000008d900000, 0x000000008d900000|100%| S|CS|TAMS 0x000000008d800000| PB 0x000000008d800000| Complete 
| 163|0x000000008d900000, 0x000000008da00000, 0x000000008da00000|100%| S|CS|TAMS 0x000000008d900000| PB 0x000000008d900000| Complete 
| 164|0x000000008da00000, 0x000000008db00000, 0x000000008db00000|100%| S|CS|TAMS 0x000000008da00000| PB 0x000000008da00000| Complete 
| 165|0x000000008db00000, 0x000000008dc00000, 0x000000008dc00000|100%| S|CS|TAMS 0x000000008db00000| PB 0x000000008db00000| Complete 
| 166|0x000000008dc00000, 0x000000008dd00000, 0x000000008dd00000|100%| S|CS|TAMS 0x000000008dc00000| PB 0x000000008dc00000| Complete 
| 167|0x000000008dd00000, 0x000000008de00000, 0x000000008de00000|100%| S|CS|TAMS 0x000000008dd00000| PB 0x000000008dd00000| Complete 
| 168|0x000000008de00000, 0x000000008df00000, 0x000000008df00000|100%| S|CS|TAMS 0x000000008de00000| PB 0x000000008de00000| Complete 
| 169|0x000000008df00000, 0x000000008e000000, 0x000000008e000000|100%| S|CS|TAMS 0x000000008df00000| PB 0x000000008df00000| Complete 
| 170|0x000000008e000000, 0x000000008e100000, 0x000000008e100000|100%| S|CS|TAMS 0x000000008e000000| PB 0x000000008e000000| Complete 
| 171|0x000000008e100000, 0x000000008e100000, 0x000000008e200000|  0%| F|  |TAMS 0x000000008e100000| PB 0x000000008e100000| Untracked 
| 172|0x000000008e200000, 0x000000008e200000, 0x000000008e300000|  0%| F|  |TAMS 0x000000008e200000| PB 0x000000008e200000| Untracked 
| 173|0x000000008e300000, 0x000000008e300000, 0x000000008e400000|  0%| F|  |TAMS 0x000000008e300000| PB 0x000000008e300000| Untracked 
| 174|0x000000008e400000, 0x000000008e400000, 0x000000008e500000|  0%| F|  |TAMS 0x000000008e400000| PB 0x000000008e400000| Untracked 
| 175|0x000000008e500000, 0x000000008e500000, 0x000000008e600000|  0%| F|  |TAMS 0x000000008e500000| PB 0x000000008e500000| Untracked 
| 176|0x000000008e600000, 0x000000008e600000, 0x000000008e700000|  0%| F|  |TAMS 0x000000008e600000| PB 0x000000008e600000| Untracked 
| 177|0x000000008e700000, 0x000000008e700000, 0x000000008e800000|  0%| F|  |TAMS 0x000000008e700000| PB 0x000000008e700000| Untracked 
| 178|0x000000008e800000, 0x000000008e800000, 0x000000008e900000|  0%| F|  |TAMS 0x000000008e800000| PB 0x000000008e800000| Untracked 
| 179|0x000000008e900000, 0x000000008e900000, 0x000000008ea00000|  0%| F|  |TAMS 0x000000008e900000| PB 0x000000008e900000| Untracked 
| 180|0x000000008ea00000, 0x000000008ea00000, 0x000000008eb00000|  0%| F|  |TAMS 0x000000008ea00000| PB 0x000000008ea00000| Untracked 
| 181|0x000000008eb00000, 0x000000008eb00000, 0x000000008ec00000|  0%| F|  |TAMS 0x000000008eb00000| PB 0x000000008eb00000| Untracked 
| 182|0x000000008ec00000, 0x000000008ec00000, 0x000000008ed00000|  0%| F|  |TAMS 0x000000008ec00000| PB 0x000000008ec00000| Untracked 
| 183|0x000000008ed00000, 0x000000008ed00000, 0x000000008ee00000|  0%| F|  |TAMS 0x000000008ed00000| PB 0x000000008ed00000| Untracked 
| 184|0x000000008ee00000, 0x000000008ee00000, 0x000000008ef00000|  0%| F|  |TAMS 0x000000008ee00000| PB 0x000000008ee00000| Untracked 
| 185|0x000000008ef00000, 0x000000008ef00000, 0x000000008f000000|  0%| F|  |TAMS 0x000000008ef00000| PB 0x000000008ef00000| Untracked 
| 186|0x000000008f000000, 0x000000008f000000, 0x000000008f100000|  0%| F|  |TAMS 0x000000008f000000| PB 0x000000008f000000| Untracked 
| 187|0x000000008f100000, 0x000000008f100000, 0x000000008f200000|  0%| F|  |TAMS 0x000000008f100000| PB 0x000000008f100000| Untracked 
| 188|0x000000008f200000, 0x000000008f200000, 0x000000008f300000|  0%| F|  |TAMS 0x000000008f200000| PB 0x000000008f200000| Untracked 
| 189|0x000000008f300000, 0x000000008f300000, 0x000000008f400000|  0%| F|  |TAMS 0x000000008f300000| PB 0x000000008f300000| Untracked 
| 190|0x000000008f400000, 0x000000008f400000, 0x000000008f500000|  0%| F|  |TAMS 0x000000008f400000| PB 0x000000008f400000| Untracked 
| 191|0x000000008f500000, 0x000000008f500000, 0x000000008f600000|  0%| F|  |TAMS 0x000000008f500000| PB 0x000000008f500000| Untracked 
| 192|0x000000008f600000, 0x000000008f600000, 0x000000008f700000|  0%| F|  |TAMS 0x000000008f600000| PB 0x000000008f600000| Untracked 
| 193|0x000000008f700000, 0x000000008f700000, 0x000000008f800000|  0%| F|  |TAMS 0x000000008f700000| PB 0x000000008f700000| Untracked 
| 194|0x000000008f800000, 0x000000008f800000, 0x000000008f900000|  0%| F|  |TAMS 0x000000008f800000| PB 0x000000008f800000| Untracked 
| 195|0x000000008f900000, 0x000000008f900000, 0x000000008fa00000|  0%| F|  |TAMS 0x000000008f900000| PB 0x000000008f900000| Untracked 
| 196|0x000000008fa00000, 0x000000008fa00000, 0x000000008fb00000|  0%| F|  |TAMS 0x000000008fa00000| PB 0x000000008fa00000| Untracked 
| 197|0x000000008fb00000, 0x000000008fb00000, 0x000000008fc00000|  0%| F|  |TAMS 0x000000008fb00000| PB 0x000000008fb00000| Untracked 
| 198|0x000000008fc00000, 0x000000008fc00000, 0x000000008fd00000|  0%| F|  |TAMS 0x000000008fc00000| PB 0x000000008fc00000| Untracked 
| 199|0x000000008fd00000, 0x000000008fd00000, 0x000000008fe00000|  0%| F|  |TAMS 0x000000008fd00000| PB 0x000000008fd00000| Untracked 
| 200|0x000000008fe00000, 0x000000008fe00000, 0x000000008ff00000|  0%| F|  |TAMS 0x000000008fe00000| PB 0x000000008fe00000| Untracked 
| 201|0x000000008ff00000, 0x000000008ff00000, 0x0000000090000000|  0%| F|  |TAMS 0x000000008ff00000| PB 0x000000008ff00000| Untracked 
| 202|0x0000000090000000, 0x0000000090000000, 0x0000000090100000|  0%| F|  |TAMS 0x0000000090000000| PB 0x0000000090000000| Untracked 
| 203|0x0000000090100000, 0x0000000090100000, 0x0000000090200000|  0%| F|  |TAMS 0x0000000090100000| PB 0x0000000090100000| Untracked 
| 204|0x0000000090200000, 0x0000000090200000, 0x0000000090300000|  0%| F|  |TAMS 0x0000000090200000| PB 0x0000000090200000| Untracked 
| 205|0x0000000090300000, 0x0000000090300000, 0x0000000090400000|  0%| F|  |TAMS 0x0000000090300000| PB 0x0000000090300000| Untracked 
| 206|0x0000000090400000, 0x0000000090400000, 0x0000000090500000|  0%| F|  |TAMS 0x0000000090400000| PB 0x0000000090400000| Untracked 
| 207|0x0000000090500000, 0x0000000090500000, 0x0000000090600000|  0%| F|  |TAMS 0x0000000090500000| PB 0x0000000090500000| Untracked 
| 208|0x0000000090600000, 0x0000000090600000, 0x0000000090700000|  0%| F|  |TAMS 0x0000000090600000| PB 0x0000000090600000| Untracked 
| 209|0x0000000090700000, 0x0000000090700000, 0x0000000090800000|  0%| F|  |TAMS 0x0000000090700000| PB 0x0000000090700000| Untracked 
| 210|0x0000000090800000, 0x0000000090800000, 0x0000000090900000|  0%| F|  |TAMS 0x0000000090800000| PB 0x0000000090800000| Untracked 
| 211|0x0000000090900000, 0x0000000090900000, 0x0000000090a00000|  0%| F|  |TAMS 0x0000000090900000| PB 0x0000000090900000| Untracked 
| 212|0x0000000090a00000, 0x0000000090a00000, 0x0000000090b00000|  0%| F|  |TAMS 0x0000000090a00000| PB 0x0000000090a00000| Untracked 
| 213|0x0000000090b00000, 0x0000000090b00000, 0x0000000090c00000|  0%| F|  |TAMS 0x0000000090b00000| PB 0x0000000090b00000| Untracked 
| 214|0x0000000090c00000, 0x0000000090c00000, 0x0000000090d00000|  0%| F|  |TAMS 0x0000000090c00000| PB 0x0000000090c00000| Untracked 
| 215|0x0000000090d00000, 0x0000000090d00000, 0x0000000090e00000|  0%| F|  |TAMS 0x0000000090d00000| PB 0x0000000090d00000| Untracked 
| 216|0x0000000090e00000, 0x0000000090e00000, 0x0000000090f00000|  0%| F|  |TAMS 0x0000000090e00000| PB 0x0000000090e00000| Untracked 
| 217|0x0000000090f00000, 0x0000000090f00000, 0x0000000091000000|  0%| F|  |TAMS 0x0000000090f00000| PB 0x0000000090f00000| Untracked 
| 218|0x0000000091000000, 0x0000000091000000, 0x0000000091100000|  0%| F|  |TAMS 0x0000000091000000| PB 0x0000000091000000| Untracked 
| 219|0x0000000091100000, 0x0000000091100000, 0x0000000091200000|  0%| F|  |TAMS 0x0000000091100000| PB 0x0000000091100000| Untracked 
| 220|0x0000000091200000, 0x0000000091200000, 0x0000000091300000|  0%| F|  |TAMS 0x0000000091200000| PB 0x0000000091200000| Untracked 
| 221|0x0000000091300000, 0x0000000091300000, 0x0000000091400000|  0%| F|  |TAMS 0x0000000091300000| PB 0x0000000091300000| Untracked 
| 222|0x0000000091400000, 0x0000000091400000, 0x0000000091500000|  0%| F|  |TAMS 0x0000000091400000| PB 0x0000000091400000| Untracked 
| 223|0x0000000091500000, 0x0000000091500000, 0x0000000091600000|  0%| F|  |TAMS 0x0000000091500000| PB 0x0000000091500000| Untracked 
| 224|0x0000000091600000, 0x0000000091600000, 0x0000000091700000|  0%| F|  |TAMS 0x0000000091600000| PB 0x0000000091600000| Untracked 
| 225|0x0000000091700000, 0x0000000091700000, 0x0000000091800000|  0%| F|  |TAMS 0x0000000091700000| PB 0x0000000091700000| Untracked 
| 226|0x0000000091800000, 0x0000000091800000, 0x0000000091900000|  0%| F|  |TAMS 0x0000000091800000| PB 0x0000000091800000| Untracked 
| 227|0x0000000091900000, 0x0000000091900000, 0x0000000091a00000|  0%| F|  |TAMS 0x0000000091900000| PB 0x0000000091900000| Untracked 
| 228|0x0000000091a00000, 0x0000000091a00000, 0x0000000091b00000|  0%| F|  |TAMS 0x0000000091a00000| PB 0x0000000091a00000| Untracked 
| 229|0x0000000091b00000, 0x0000000091b00000, 0x0000000091c00000|  0%| F|  |TAMS 0x0000000091b00000| PB 0x0000000091b00000| Untracked 
| 230|0x0000000091c00000, 0x0000000091c00000, 0x0000000091d00000|  0%| F|  |TAMS 0x0000000091c00000| PB 0x0000000091c00000| Untracked 
| 231|0x0000000091d00000, 0x0000000091d00000, 0x0000000091e00000|  0%| F|  |TAMS 0x0000000091d00000| PB 0x0000000091d00000| Untracked 
| 232|0x0000000091e00000, 0x0000000091e00000, 0x0000000091f00000|  0%| F|  |TAMS 0x0000000091e00000| PB 0x0000000091e00000| Untracked 
| 233|0x0000000091f00000, 0x0000000091f00000, 0x0000000092000000|  0%| F|  |TAMS 0x0000000091f00000| PB 0x0000000091f00000| Untracked 
| 234|0x0000000092000000, 0x0000000092000000, 0x0000000092100000|  0%| F|  |TAMS 0x0000000092000000| PB 0x0000000092000000| Untracked 
| 235|0x0000000092100000, 0x0000000092100000, 0x0000000092200000|  0%| F|  |TAMS 0x0000000092100000| PB 0x0000000092100000| Untracked 
| 236|0x0000000092200000, 0x0000000092200000, 0x0000000092300000|  0%| F|  |TAMS 0x0000000092200000| PB 0x0000000092200000| Untracked 
| 237|0x0000000092300000, 0x0000000092400000, 0x0000000092400000|100%| E|  |TAMS 0x0000000092300000| PB 0x0000000092300000| Complete 
| 238|0x0000000092400000, 0x0000000092500000, 0x0000000092500000|100%| E|CS|TAMS 0x0000000092400000| PB 0x0000000092400000| Complete 
| 239|0x0000000092500000, 0x0000000092600000, 0x0000000092600000|100%| E|CS|TAMS 0x0000000092500000| PB 0x0000000092500000| Complete 
| 240|0x0000000092600000, 0x0000000092700000, 0x0000000092700000|100%| E|CS|TAMS 0x0000000092600000| PB 0x0000000092600000| Complete 
| 241|0x0000000092700000, 0x0000000092800000, 0x0000000092800000|100%| E|CS|TAMS 0x0000000092700000| PB 0x0000000092700000| Complete 
| 242|0x0000000092800000, 0x0000000092900000, 0x0000000092900000|100%| E|CS|TAMS 0x0000000092800000| PB 0x0000000092800000| Complete 
| 243|0x0000000092900000, 0x0000000092a00000, 0x0000000092a00000|100%| E|CS|TAMS 0x0000000092900000| PB 0x0000000092900000| Complete 
| 244|0x0000000092a00000, 0x0000000092b00000, 0x0000000092b00000|100%| E|CS|TAMS 0x0000000092a00000| PB 0x0000000092a00000| Complete 
| 245|0x0000000092b00000, 0x0000000092c00000, 0x0000000092c00000|100%| E|CS|TAMS 0x0000000092b00000| PB 0x0000000092b00000| Complete 
| 246|0x0000000092c00000, 0x0000000092d00000, 0x0000000092d00000|100%| E|CS|TAMS 0x0000000092c00000| PB 0x0000000092c00000| Complete 
| 247|0x0000000092d00000, 0x0000000092e00000, 0x0000000092e00000|100%| E|CS|TAMS 0x0000000092d00000| PB 0x0000000092d00000| Complete 

Card table byte_map: [0x0000019eae0d0000,0x0000019eae4c0000] _byte_map_base: 0x0000019eadcb5000

Marking Bits: (CMBitMap*) 0x0000019e96588ad0
 Bits: [0x0000019eae4c0000, 0x0000019eb03e8000)

Polling page: 0x0000019e94490000

Metaspace:

Usage:
  Non-class:      1.12 MB used.
      Class:     98.32 KB used.
       Both:      1.22 MB used.

Virtual space:
  Non-class space:       64.00 MB reserved,       1.25 MB (  2%) committed,  1 nodes.
      Class space:        1.00 GB reserved,     192.00 KB ( <1%) committed,  1 nodes.
             Both:        1.06 GB reserved,       1.44 MB ( <1%) committed. 

Chunk freelists:
   Non-Class:  11.86 MB
       Class:  15.72 MB
        Both:  27.57 MB

MaxMetaspaceSize: unlimited
CompressedClassSpaceSize: 1.00 GB
Initial GC threshold: 21.00 MB
Current GC threshold: 21.00 MB
CDS: on
 - commit_granule_bytes: 65536.
 - commit_granule_words: 8192.
 - virtual_space_node_default_size: 8388608.
 - enlarge_chunks_in_place: 1.
 - use_allocation_guard: 0.


Internal statistics:

num_allocs_failed_limit: 0.
num_arena_births: 36.
num_arena_deaths: 0.
num_vsnodes_births: 2.
num_vsnodes_deaths: 0.
num_space_committed: 23.
num_space_uncommitted: 0.
num_chunks_returned_to_freelist: 0.
num_chunks_taken_from_freelist: 49.
num_chunk_merges: 0.
num_chunk_splits: 31.
num_chunks_enlarged: 15.
num_inconsistent_stats: 0.

CodeHeap 'non-profiled nmethods': size=120000Kb used=444Kb max_used=528Kb free=119555Kb
 bounds [0x0000019ea6480000, 0x0000019ea66f0000, 0x0000019ead9b0000]
CodeHeap 'profiled nmethods': size=120000Kb used=591Kb max_used=981Kb free=119408Kb
 bounds [0x0000019e9e9b0000, 0x0000019e9ec20000, 0x0000019ea5ee0000]
CodeHeap 'non-nmethods': size=5760Kb used=1437Kb max_used=1480Kb free=4323Kb
 bounds [0x0000019ea5ee0000, 0x0000019ea6150000, 0x0000019ea6480000]
 total_blobs=974 nmethods=548 adapters=331
 compilation: enabled
              stopped_count=0, restarted_count=0
 full_count=0

Compilation events (20 events):
Event: 28.496 Thread 0x0000019eb2e42940  676       4       java.util.ArrayList::isEmpty (13 bytes)
Event: 28.496 Thread 0x0000019eb2e42940 nmethod 676 0x0000019ea64ffa90 code [0x0000019ea64ffc20, 0x0000019ea64ffcc8]
Event: 28.526 Thread 0x0000019eb2e42940  677       4       java.util.AbstractList::subListRangeCheck (110 bytes)
Event: 28.526 Thread 0x0000019eb2e42940 nmethod 677 0x0000019ea64ffd90 code [0x0000019ea64fff20, 0x0000019ea64ffff0]
Event: 28.532 Thread 0x0000019eb2e42940  678   !   4       java.io.WinNTFileSystem::getBooleanAttributes (27 bytes)
Event: 28.533 Thread 0x0000019eb2e42940 nmethod 678 0x0000019ea6500110 code [0x0000019ea65002c0, 0x0000019ea6500410]
Event: 28.533 Thread 0x0000019eb2e42940  679   !   4       java.io.WinNTFileSystem::resolve (362 bytes)
Event: 28.534 Thread 0x0000019eb2e42940 nmethod 679 0x0000019ea6500590 code [0x0000019ea6500720, 0x0000019ea6500810]
Event: 28.534 Thread 0x0000019eb2e42940  680       4       java.io.File::getAbsolutePath (8 bytes)
Event: 28.535 Thread 0x0000019eb2e42940 nmethod 680 0x0000019ea6500910 code [0x0000019ea6500aa0, 0x0000019ea6500b60]
Event: 28.586 Thread 0x0000019eb2e42940  681       4       java.io.File::isDirectory (34 bytes)
Event: 28.588 Thread 0x0000019eb2e42940 nmethod 681 0x0000019ea6500c10 code [0x0000019ea6500de0, 0x0000019ea6501208]
Event: 28.630 Thread 0x0000019eb2e42940  682       4       java.util.ArrayList$SubList::checkForComodification (23 bytes)
Event: 28.630 Thread 0x0000019eb2e42940 nmethod 682 0x0000019ea6501590 code [0x0000019ea6501720, 0x0000019ea65017e0]
Event: 28.630 Thread 0x0000019eb2e42940  683       4       java.util.ArrayList::removeIf (11 bytes)
Event: 28.630 Thread 0x0000019eb2e42940 nmethod 683 0x0000019ea6501890 code [0x0000019ea6501a20, 0x0000019ea6501ad8]
Event: 28.818 Thread 0x0000019eb2e42940  684       4       sun.nio.cs.StreamDecoder::implRead (232 bytes)
Event: 28.830 Thread 0x0000019eb2e42940 nmethod 684 0x0000019ea6501b90 code [0x0000019ea6501e80, 0x0000019ea6502ea8]
Event: 28.922 Thread 0x0000019eb2e42940  685       4       moteurDeRecherche.PretraiteurEspace::traiter (14 bytes)
Event: 28.923 Thread 0x0000019eb2e42940 nmethod 685 0x0000019ea6503f10 code [0x0000019ea65040a0, 0x0000019ea65041a0]

GC Heap History (20 events):
Event: 30.095 GC heap before
{Heap before GC invocations=9 (full 0):
 garbage-first heap   total 155648K, used 93184K [0x0000000083600000, 0x0000000100000000)
  region size 1024K, 24 young (24576K), 8 survivors (8192K)
 Metaspace       used 1245K, committed 1472K, reserved 1114112K
  class space    used 98K, committed 192K, reserved 1048576K
}
Event: 30.100 GC heap after
{Heap after GC invocations=10 (full 0):
 garbage-first heap   total 187392K, used 80366K [0x0000000083600000, 0x0000000100000000)
  region size 1024K, 3 young (3072K), 3 survivors (3072K)
 Metaspace       used 1245K, committed 1472K, reserved 1114112K
  class space    used 98K, committed 192K, reserved 1048576K
}
Event: 30.695 GC heap before
{Heap before GC invocations=10 (full 0):
 garbage-first heap   total 187392K, used 164334K [0x0000000083600000, 0x0000000100000000)
  region size 1024K, 81 young (82944K), 3 survivors (3072K)
 Metaspace       used 1245K, committed 1472K, reserved 1114112K
  class space    used 98K, committed 192K, reserved 1048576K
}
Event: 30.706 GC heap after
{Heap after GC invocations=11 (full 0):
 garbage-first heap   total 187392K, used 94208K [0x0000000083600000, 0x0000000100000000)
  region size 1024K, 11 young (11264K), 11 survivors (11264K)
 Metaspace       used 1245K, committed 1472K, reserved 1114112K
  class space    used 98K, committed 192K, reserved 1048576K
}
Event: 31.205 GC heap before
{Heap before GC invocations=11 (full 0):
 garbage-first heap   total 187392K, used 164864K [0x0000000083600000, 0x0000000100000000)
  region size 1024K, 80 young (81920K), 11 survivors (11264K)
 Metaspace       used 1245K, committed 1472K, reserved 1114112K
  class space    used 98K, committed 192K, reserved 1048576K
}
Event: 31.216 GC heap after
{Heap after GC invocations=12 (full 0):
 garbage-first heap   total 187392K, used 104514K [0x0000000083600000, 0x0000000100000000)
  region size 1024K, 10 young (10240K), 10 survivors (10240K)
 Metaspace       used 1245K, committed 1472K, reserved 1114112K
  class space    used 98K, committed 192K, reserved 1048576K
}
Event: 31.610 GC heap before
{Heap before GC invocations=12 (full 0):
 garbage-first heap   total 187392K, used 165954K [0x0000000083600000, 0x0000000100000000)
  region size 1024K, 70 young (71680K), 10 survivors (10240K)
 Metaspace       used 1245K, committed 1472K, reserved 1114112K
  class space    used 98K, committed 192K, reserved 1048576K
}
Event: 31.619 GC heap after
{Heap after GC invocations=13 (full 0):
 garbage-first heap   total 187392K, used 112505K [0x0000000083600000, 0x0000000100000000)
  region size 1024K, 8 young (8192K), 8 survivors (8192K)
 Metaspace       used 1245K, committed 1472K, reserved 1114112K
  class space    used 98K, committed 192K, reserved 1048576K
}
Event: 32.013 GC heap before
{Heap before GC invocations=14 (full 0):
 garbage-first heap   total 193536K, used 165753K [0x0000000083600000, 0x0000000100000000)
  region size 1024K, 63 young (64512K), 8 survivors (8192K)
 Metaspace       used 1245K, committed 1472K, reserved 1114112K
  class space    used 98K, committed 192K, reserved 1048576K
}
Event: 32.035 GC heap after
{Heap after GC invocations=15 (full 0):
 garbage-first heap   total 193536K, used 117333K [0x0000000083600000, 0x0000000100000000)
  region size 1024K, 8 young (8192K), 8 survivors (8192K)
 Metaspace       used 1245K, committed 1472K, reserved 1114112K
  class space    used 98K, committed 192K, reserved 1048576K
}
Event: 32.431 GC heap before
{Heap before GC invocations=15 (full 0):
 garbage-first heap   total 193536K, used 174677K [0x0000000083600000, 0x0000000100000000)
  region size 1024K, 64 young (65536K), 8 survivors (8192K)
 Metaspace       used 1245K, committed 1472K, reserved 1114112K
  class space    used 98K, committed 192K, reserved 1048576K
}
Event: 32.439 GC heap after
{Heap after GC invocations=16 (full 0):
 garbage-first heap   total 247808K, used 121530K [0x0000000083600000, 0x0000000100000000)
  region size 1024K, 8 young (8192K), 8 survivors (8192K)
 Metaspace       used 1245K, committed 1472K, reserved 1114112K
  class space    used 98K, committed 192K, reserved 1048576K
}
Event: 33.090 GC heap before
{Heap before GC invocations=16 (full 0):
 garbage-first heap   total 247808K, used 217786K [0x0000000083600000, 0x0000000100000000)
  region size 1024K, 102 young (104448K), 8 survivors (8192K)
 Metaspace       used 1245K, committed 1472K, reserved 1114112K
  class space    used 98K, committed 192K, reserved 1048576K
}
Event: 33.101 GC heap after
{Heap after GC invocations=17 (full 0):
 garbage-first heap   total 247808K, used 133409K [0x0000000083600000, 0x0000000100000000)
  region size 1024K, 12 young (12288K), 12 survivors (12288K)
 Metaspace       used 1245K, committed 1472K, reserved 1114112K
  class space    used 98K, committed 192K, reserved 1048576K
}
Event: 33.719 GC heap before
{Heap before GC invocations=18 (full 0):
 garbage-first heap   total 247808K, used 215329K [0x0000000083600000, 0x0000000100000000)
  region size 1024K, 96 young (98304K), 12 survivors (12288K)
 Metaspace       used 1245K, committed 1472K, reserved 1114112K
  class space    used 98K, committed 192K, reserved 1048576K
}
Event: 33.729 GC heap after
{Heap after GC invocations=19 (full 0):
 garbage-first heap   total 247808K, used 140288K [0x0000000083600000, 0x0000000100000000)
  region size 1024K, 11 young (11264K), 11 survivors (11264K)
 Metaspace       used 1245K, committed 1472K, reserved 1114112K
  class space    used 98K, committed 192K, reserved 1048576K
}
Event: 34.308 GC heap before
{Heap before GC invocations=19 (full 0):
 garbage-first heap   total 247808K, used 230400K [0x0000000083600000, 0x0000000100000000)
  region size 1024K, 92 young (94208K), 11 survivors (11264K)
 Metaspace       used 1245K, committed 1472K, reserved 1114112K
  class space    used 98K, committed 192K, reserved 1048576K
}
Event: 34.322 GC heap after
{Heap after GC invocations=20 (full 0):
 garbage-first heap   total 253952K, used 156376K [0x0000000083600000, 0x0000000100000000)
  region size 1024K, 11 young (11264K), 11 survivors (11264K)
 Metaspace       used 1245K, committed 1472K, reserved 1114112K
  class space    used 98K, committed 192K, reserved 1048576K
}
Event: 34.765 GC heap before
{Heap before GC invocations=20 (full 0):
 garbage-first heap   total 253952K, used 229080K [0x0000000083600000, 0x0000000100000000)
  region size 1024K, 82 young (83968K), 11 survivors (11264K)
 Metaspace       used 1245K, committed 1472K, reserved 1114112K
  class space    used 98K, committed 192K, reserved 1048576K
}
Event: 34.774 GC heap after
{Heap after GC invocations=21 (full 0):
 garbage-first heap   total 253952K, used 165693K [0x0000000083600000, 0x0000000100000000)
  region size 1024K, 10 young (10240K), 10 survivors (10240K)
 Metaspace       used 1245K, committed 1472K, reserved 1114112K
  class space    used 98K, committed 192K, reserved 1048576K
}

Dll operation events (5 events):
Event: 0.008 Loaded shared library C:\Program Files\Java\jdk-21\bin\java.dll
Event: 0.040 Loaded shared library C:\Program Files\Java\jdk-21\bin\jsvml.dll
Event: 0.062 Loaded shared library C:\Program Files\Java\jdk-21\bin\net.dll
Event: 0.063 Loaded shared library C:\Program Files\Java\jdk-21\bin\nio.dll
Event: 0.099 Loaded shared library C:\Program Files\Java\jdk-21\bin\jimage.dll

Deoptimization events (20 events):
Event: 28.277 Thread 0x0000019e942a8050 Uncommon trap: trap_request=0xffffff45 fr.pc=0x0000019ea64b7d58 relative=0x0000000000000ff8
Event: 28.277 Thread 0x0000019e942a8050 Uncommon trap: reason=unstable_if action=reinterpret pc=0x0000019ea64b7d58 method=java.io.BufferedReader.implReadLine(Z[Z)Ljava/lang/String; @ 269 c2
Event: 28.277 Thread 0x0000019e942a8050 DEOPT PACKING pc=0x0000019ea64b7d58 sp=0x00000013f8cfee80
Event: 28.277 Thread 0x0000019e942a8050 DEOPT UNPACKING pc=0x0000019ea5f37da2 sp=0x00000013f8cfee40 mode 2
Event: 28.285 Thread 0x0000019e942a8050 DEOPT PACKING pc=0x0000019e9eaa358b sp=0x00000013f8cfee30
Event: 28.285 Thread 0x0000019e942a8050 DEOPT UNPACKING pc=0x0000019ea5f388e2 sp=0x00000013f8cfe338 mode 0
Event: 28.291 Thread 0x0000019e942a8050 DEOPT PACKING pc=0x0000019e9eaa358b sp=0x00000013f8cfee30
Event: 28.292 Thread 0x0000019e942a8050 DEOPT UNPACKING pc=0x0000019ea5f388e2 sp=0x00000013f8cfe338 mode 0
Event: 28.298 Thread 0x0000019e942a8050 DEOPT PACKING pc=0x0000019e9eaa358b sp=0x00000013f8cfee30
Event: 28.298 Thread 0x0000019e942a8050 DEOPT UNPACKING pc=0x0000019ea5f388e2 sp=0x00000013f8cfe338 mode 0
Event: 28.304 Thread 0x0000019e942a8050 DEOPT PACKING pc=0x0000019e9eaa358b sp=0x00000013f8cfee30
Event: 28.304 Thread 0x0000019e942a8050 DEOPT UNPACKING pc=0x0000019ea5f388e2 sp=0x00000013f8cfe338 mode 0
Event: 28.311 Thread 0x0000019e942a8050 DEOPT PACKING pc=0x0000019e9eaa358b sp=0x00000013f8cfee30
Event: 28.311 Thread 0x0000019e942a8050 DEOPT UNPACKING pc=0x0000019ea5f388e2 sp=0x00000013f8cfe338 mode 0
Event: 28.314 Thread 0x0000019e942a8050 DEOPT PACKING pc=0x0000019e9eaa358b sp=0x00000013f8cfee30
Event: 28.314 Thread 0x0000019e942a8050 DEOPT UNPACKING pc=0x0000019ea5f388e2 sp=0x00000013f8cfe338 mode 0
Event: 28.318 Thread 0x0000019e942a8050 DEOPT PACKING pc=0x0000019e9eaa358b sp=0x00000013f8cfee30
Event: 28.318 Thread 0x0000019e942a8050 DEOPT UNPACKING pc=0x0000019ea5f388e2 sp=0x00000013f8cfe338 mode 0
Event: 28.324 Thread 0x0000019e942a8050 DEOPT PACKING pc=0x0000019e9eaa358b sp=0x00000013f8cfee30
Event: 28.324 Thread 0x0000019e942a8050 DEOPT UNPACKING pc=0x0000019ea5f388e2 sp=0x00000013f8cfe338 mode 0

Classes loaded (20 events):
Event: 0.105 Loading class sun/util/resources/Bundles$2
Event: 0.105 Loading class sun/util/resources/Bundles$2 done
Event: 0.105 Loading class java/lang/InstantiationException
Event: 0.105 Loading class java/lang/InstantiationException done
Event: 0.105 Loading class java/lang/IllegalAccessException
Event: 0.105 Loading class java/lang/IllegalAccessException done
Event: 0.113 Loading class java/text/ParseException
Event: 0.113 Loading class java/text/ParseException done
Event: 1.924 Loading class java/util/regex/Matcher$ImmutableMatchResult
Event: 1.924 Loading class java/util/regex/Matcher$ImmutableMatchResult done
Event: 18.906 Loading class java/util/Arrays$ArrayItr
Event: 18.906 Loading class java/util/Arrays$ArrayItr done
Event: 26.593 Loading class java/io/IOException
Event: 26.593 Loading class java/io/IOException done
Event: 26.593 Loading class java/io/FileReader
Event: 26.593 Loading class java/io/FileReader done
Event: 26.593 Loading class java/io/BufferedReader
Event: 26.593 Loading class java/io/BufferedReader done
Event: 27.124 Loading class java/lang/foreign/MemorySegment
Event: 27.124 Loading class java/lang/foreign/MemorySegment done

Classes unloaded (0 events):
No events

Classes redefined (0 events):
No events

Internal exceptions (2 events):
Event: 0.072 Thread 0x0000019e942a8050 Exception <a 'java/lang/NoSuchMethodError'{0x000000008b2360a0}: 'void java.lang.invoke.DirectMethodHandle$Holder.invokeVirtual(java.lang.Object, java.lang.Object)'> (0x000000008b2360a0) 
thrown [s\open\src\hotspot\share\interpreter\linkResolver.cpp, line 773]
Event: 0.074 Thread 0x0000019e942a8050 Exception <a 'java/lang/NoSuchMethodError'{0x000000008b2411b0}: 'java.lang.Object java.lang.invoke.DirectMethodHandle$Holder.invokeInterface(java.lang.Object, java.lang.Object, java.lang.Object)'> (0x000000008b2411b0) 
thrown [s\open\src\hotspot\share\interpreter\linkResolver.cpp, line 773]

ZGC Phase Switch (0 events):
No events

VM Operations (20 events):
Event: 31.661 Executing VM operation: G1PauseRemark done
Event: 31.682 Executing VM operation: G1PauseCleanup
Event: 31.682 Executing VM operation: G1PauseCleanup done
Event: 32.013 Executing VM operation: G1CollectForAllocation (G1 Evacuation Pause)
Event: 32.035 Executing VM operation: G1CollectForAllocation (G1 Evacuation Pause) done
Event: 32.431 Executing VM operation: G1CollectForAllocation (G1 Evacuation Pause)
Event: 32.439 Executing VM operation: G1CollectForAllocation (G1 Evacuation Pause) done
Event: 33.090 Executing VM operation: G1CollectForAllocation (G1 Evacuation Pause)
Event: 33.101 Executing VM operation: G1CollectForAllocation (G1 Evacuation Pause) done
Event: 33.167 Executing VM operation: G1PauseRemark
Event: 33.167 Executing VM operation: G1PauseRemark done
Event: 33.192 Executing VM operation: G1PauseCleanup
Event: 33.192 Executing VM operation: G1PauseCleanup done
Event: 33.719 Executing VM operation: G1CollectForAllocation (G1 Evacuation Pause)
Event: 33.729 Executing VM operation: G1CollectForAllocation (G1 Evacuation Pause) done
Event: 34.308 Executing VM operation: G1CollectForAllocation (G1 Evacuation Pause)
Event: 34.322 Executing VM operation: G1CollectForAllocation (G1 Evacuation Pause) done
Event: 34.765 Executing VM operation: G1CollectForAllocation (G1 Evacuation Pause)
Event: 34.774 Executing VM operation: G1CollectForAllocation (G1 Evacuation Pause) done
Event: 34.850 Executing VM operation: G1PauseRemark

Events (20 events):
Event: 33.167 Thread 0x0000019eb2de82e0 flushing nmethod 0x0000019e9e9b5690
Event: 33.167 Thread 0x0000019eb2de82e0 flushing nmethod 0x0000019e9e9b9290
Event: 33.167 Thread 0x0000019eb2de82e0 flushing nmethod 0x0000019e9e9b5110
Event: 33.167 Thread 0x0000019eb2de82e0 flushing nmethod 0x0000019ea64cf890
Event: 33.167 Thread 0x0000019eb2de82e0 flushing nmethod 0x0000019e9e9b0b90
Event: 33.167 Thread 0x0000019eb2de82e0 flushing nmethod 0x0000019e9e9b0790
Event: 33.167 Thread 0x0000019eb2de82e0 flushing nmethod 0x0000019e9e9b0490
Event: 33.167 Thread 0x0000019eb2de82e0 flushing nmethod 0x0000019e9e9b0010
Event: 33.167 Thread 0x0000019eb2de82e0 flushing nmethod 0x0000019e9e9b2210
Event: 33.167 Thread 0x0000019eb2de82e0 flushing nmethod 0x0000019ea64c7b10
Event: 33.167 Thread 0x0000019eb2de82e0 flushing nmethod 0x0000019ea64c2f10
Event: 33.167 Thread 0x0000019eb2de82e0 flushing nmethod 0x0000019ea64dde10
Event: 33.167 Thread 0x0000019eb2de82e0 flushing nmethod 0x0000019ea64add10
Event: 33.167 Thread 0x0000019eb2de82e0 flushing nmethod 0x0000019ea64aa490
Event: 33.167 Thread 0x0000019eb2de82e0 flushing nmethod 0x0000019ea64b6b10
Event: 33.167 Thread 0x0000019eb2de82e0 flushing nmethod 0x0000019ea64a8890
Event: 33.167 Thread 0x0000019eb2de82e0 flushing nmethod 0x0000019ea64bb490
Event: 33.167 Thread 0x0000019eb2de82e0 flushing nmethod 0x0000019ea64a4d10
Event: 33.167 Thread 0x0000019eb2de82e0 flushing nmethod 0x0000019ea6493590
Event: 33.167 Thread 0x0000019eb2de82e0 flushing nmethod 0x0000019ea6488c10


Dynamic libraries:
0x00007ff7026e0000 - 0x00007ff7026f0000 	C:\Program Files\Java\jdk-21\bin\javaw.exe
0x00007ff81bb70000 - 0x00007ff81bd86000 	C:\WINDOWS\SYSTEM32\ntdll.dll
0x00007ff8198a0000 - 0x00007ff819964000 	C:\WINDOWS\System32\KERNEL32.DLL
0x00007ff819150000 - 0x00007ff8194f7000 	C:\WINDOWS\System32\KERNELBASE.dll
0x00007ff819500000 - 0x00007ff819611000 	C:\WINDOWS\System32\ucrtbase.dll
0x00007fffdd440000 - 0x00007fffdd45b000 	C:\Program Files\Java\jdk-21\bin\VCRUNTIME140.dll
0x00007fffd7250000 - 0x00007fffd7269000 	C:\Program Files\Java\jdk-21\bin\jli.dll
0x00007ff81a160000 - 0x00007ff81a212000 	C:\WINDOWS\System32\ADVAPI32.dll
0x00007ff81b9f0000 - 0x00007ff81ba97000 	C:\WINDOWS\System32\msvcrt.dll
0x00007ff81af40000 - 0x00007ff81afe8000 	C:\WINDOWS\System32\sechost.dll
0x00007ff819120000 - 0x00007ff819148000 	C:\WINDOWS\System32\bcrypt.dll
0x00007ff81a040000 - 0x00007ff81a155000 	C:\WINDOWS\System32\RPCRT4.dll
0x00007ff81b4b0000 - 0x00007ff81b65e000 	C:\WINDOWS\System32\USER32.dll
0x00007ff803cc0000 - 0x00007ff803f53000 	C:\WINDOWS\WinSxS\amd64_microsoft.windows.common-controls_6595b64144ccf1df_6.0.22621.3235_none_270f74e173860f98\COMCTL32.dll
0x00007ff819080000 - 0x00007ff8190a6000 	C:\WINDOWS\System32\win32u.dll
0x00007ff81ace0000 - 0x00007ff81ad09000 	C:\WINDOWS\System32\GDI32.dll
0x00007ff819780000 - 0x00007ff819899000 	C:\WINDOWS\System32\gdi32full.dll
0x00007ff819620000 - 0x00007ff8196ba000 	C:\WINDOWS\System32\msvcp_win.dll
0x00007ff80db70000 - 0x00007ff80db7a000 	C:\WINDOWS\SYSTEM32\VERSION.dll
0x00007ff81b000000 - 0x00007ff81b031000 	C:\WINDOWS\System32\IMM32.DLL
0x00007ff800320000 - 0x00007ff80032c000 	C:\Program Files\Java\jdk-21\bin\vcruntime140_1.dll
0x00007fffb4f90000 - 0x00007fffb501e000 	C:\Program Files\Java\jdk-21\bin\msvcp140.dll
0x00007fff92490000 - 0x00007fff9319d000 	C:\Program Files\Java\jdk-21\bin\server\jvm.dll
0x00007ff81b810000 - 0x00007ff81b881000 	C:\WINDOWS\System32\WS2_32.dll
0x00007ff818670000 - 0x00007ff8186bd000 	C:\WINDOWS\SYSTEM32\POWRPROF.dll
0x00007ff80dc80000 - 0x00007ff80dcb4000 	C:\WINDOWS\SYSTEM32\WINMM.dll
0x00007ff818620000 - 0x00007ff818633000 	C:\WINDOWS\SYSTEM32\UMPDC.dll
0x00007ff817ea0000 - 0x00007ff817eb8000 	C:\WINDOWS\SYSTEM32\kernel.appcore.dll
0x00007ffffd7f0000 - 0x00007ffffd7fa000 	C:\Program Files\Java\jdk-21\bin\jimage.dll
0x00007ff816310000 - 0x00007ff816543000 	C:\WINDOWS\SYSTEM32\DBGHELP.DLL
0x00007ff81b040000 - 0x00007ff81b3c8000 	C:\WINDOWS\System32\combase.dll
0x00007ff81b3d0000 - 0x00007ff81b4a7000 	C:\WINDOWS\System32\OLEAUT32.dll
0x00007fffed7e0000 - 0x00007fffed812000 	C:\WINDOWS\SYSTEM32\dbgcore.DLL
0x00007ff819000000 - 0x00007ff819079000 	C:\WINDOWS\System32\bcryptPrimitives.dll
0x00007fffd48e0000 - 0x00007fffd48ff000 	C:\Program Files\Java\jdk-21\bin\java.dll
0x00007ff81a2f0000 - 0x00007ff81ab4c000 	C:\WINDOWS\System32\SHELL32.dll
0x00007ff816da0000 - 0x00007ff817699000 	C:\WINDOWS\SYSTEM32\windows.storage.dll
0x00007ff816c60000 - 0x00007ff816d9e000 	C:\WINDOWS\SYSTEM32\wintypes.dll
0x00007ff819ea0000 - 0x00007ff819f93000 	C:\WINDOWS\System32\SHCORE.dll
0x00007ff81aee0000 - 0x00007ff81af3e000 	C:\WINDOWS\System32\shlwapi.dll
0x00007ff818dc0000 - 0x00007ff818de1000 	C:\WINDOWS\SYSTEM32\profapi.dll
0x00007fffb02c0000 - 0x00007fffb0397000 	C:\Program Files\Java\jdk-21\bin\jsvml.dll
0x00007ffffd790000 - 0x00007ffffd7a0000 	C:\Program Files\Java\jdk-21\bin\net.dll
0x00007ff813570000 - 0x00007ff8136a6000 	C:\WINDOWS\SYSTEM32\WINHTTP.dll
0x00007ff8183a0000 - 0x00007ff818409000 	C:\WINDOWS\system32\mswsock.dll
0x00007fffd2230000 - 0x00007fffd2246000 	C:\Program Files\Java\jdk-21\bin\nio.dll

dbghelp: loaded successfully - version: 4.0.5 - missing functions: none
symbol engine: initialized successfully - sym options: 0x614 - pdb path: .;C:\Program Files\Java\jdk-21\bin;C:\WINDOWS\SYSTEM32;C:\WINDOWS\WinSxS\amd64_microsoft.windows.common-controls_6595b64144ccf1df_6.0.22621.3235_none_270f74e173860f98;C:\Program Files\Java\jdk-21\bin\server

VM Arguments:
jvm_args: -Dfile.encoding=UTF-8 -Dstdout.encoding=UTF-8 -Dstderr.encoding=UTF-8 --module-path=C:\Users\Hassen\eclipse-workspace\MP\bin -XX:+ShowCodeDetailsInExceptionMessages -Djdk.module.main=MP 
java_command: MP/moteurDeRecherche.Main
java_class_path (initial): <not set>
Launcher Type: SUN_STANDARD

[Global flags]
     intx CICompilerCount                          = 4                                         {product} {ergonomic}
     uint ConcGCThreads                            = 2                                         {product} {ergonomic}
     uint G1ConcRefinementThreads                  = 8                                         {product} {ergonomic}
   size_t G1HeapRegionSize                         = 1048576                                   {product} {ergonomic}
    uintx GCDrainStackTargetSize                   = 64                                        {product} {ergonomic}
   size_t InitialHeapSize                          = 132120576                                 {product} {ergonomic}
   size_t MarkStackSize                            = 4194304                                   {product} {ergonomic}
   size_t MaxHeapSize                              = 2090860544                                {product} {ergonomic}
   size_t MaxNewSize                               = 1254096896                                {product} {ergonomic}
   size_t MinHeapDeltaBytes                        = 1048576                                   {product} {ergonomic}
   size_t MinHeapSize                              = 8388608                                   {product} {ergonomic}
    uintx NonNMethodCodeHeapSize                   = 5839372                                {pd product} {ergonomic}
    uintx NonProfiledCodeHeapSize                  = 122909434                              {pd product} {ergonomic}
    uintx ProfiledCodeHeapSize                     = 122909434                              {pd product} {ergonomic}
    uintx ReservedCodeCacheSize                    = 251658240                              {pd product} {ergonomic}
     bool SegmentedCodeCache                       = true                                      {product} {ergonomic}
     bool ShowCodeDetailsInExceptionMessages       = true                                   {manageable} {command line}
   size_t SoftMaxHeapSize                          = 2090860544                             {manageable} {ergonomic}
     bool UseCompressedOops                        = true                           {product lp64_product} {ergonomic}
     bool UseG1GC                                  = true                                      {product} {ergonomic}
     bool UseLargePagesIndividualAllocation        = false                                  {pd product} {ergonomic}

Logging:
Log output configuration:
 #0: stdout all=warning uptime,level,tags foldmultilines=false
 #1: stderr all=off uptime,level,tags foldmultilines=false

Environment Variables:
PATH=C:/Users/Hassen/.p2/pool/plugins/org.eclipse.justj.openjdk.hotspot.jre.full.win32.x86_64_17.0.10.v20240120-1143/jre/bin/server;C:/Users/Hassen/.p2/pool/plugins/org.eclipse.justj.openjdk.hotspot.jre.full.win32.x86_64_17.0.10.v20240120-1143/jre/bin;C:\Program Files\Common Files\Oracle\Java\javapath;C:\WINDOWS\system32;C:\WINDOWS;C:\WINDOWS\System32\Wbem;C:\WINDOWS\System32\WindowsPowerShell\v1.0\;C:\WINDOWS\System32\OpenSSH\;C:\msys64\mingw64\bin;c:\users\hassen\appdata\local\programs\python\python312\lib\site-packages;C:\Program Files\dotnet\;C:\Users\Hassen\django;C:\Users\Hassen\pip\pip;C:\Users\Hassen\eclipse-workspace;C:\Users\Hassen\AppData\Local\Programs\Python\Python311\Scripts\;C:\Users\Hassen\AppData\Local\Programs\Python\Python311\;C:\Users\Hassen\AppData\Local\Microsoft\WindowsApps;C:\Users\Hassen\AppData\Local\Programs\MiKTeX\miktex\bin\x64\;C:\Program Files\JetBrains\PyCharm 2023.3.4\bin;;C:\Users\Hassen\AppData\Local\Programs\Microsoft VS Code\bin;C:\WINDOWS\System32;
USERNAME=Hassen
OS=Windows_NT
PROCESSOR_IDENTIFIER=Intel64 Family 6 Model 140 Stepping 1, GenuineIntel
TMP=C:\Users\Hassen\AppData\Local\Temp
TEMP=C:\Users\Hassen\AppData\Local\Temp




Periodic native trim disabled

---------------  S Y S T E M  ---------------

OS:
 Windows 11 , 64 bit Build 22621 (10.0.22621.3374)
OS uptime: 14 days 0:34 hours
Hyper-V role detected

CPU: total 8 (initial active 8) (4 cores per cpu, 2 threads per core) family 6 model 140 stepping 1 microcode 0x8a, cx8, cmov, fxsr, ht, mmx, 3dnowpref, sse, sse2, sse3, ssse3, sse4.1, sse4.2, popcnt, lzcnt, tsc, tscinvbit, avx, avx2, aes, erms, clmul, bmi1, bmi2, adx, avx512f, avx512dq, avx512cd, avx512bw, avx512vl, sha, fma, vzeroupper, avx512_vpopcntdq, avx512_vpclmulqdq, avx512_vaes, avx512_vnni, clflush, clflushopt, clwb, avx512_vbmi2, avx512_vbmi, hv, rdtscp, rdpid, fsrm, gfni, avx512_bitalg, f16c, cet_ibt, cet_ss, avx512_ifma
Processor Information for all 8 processors :
  Max Mhz: 2419, Current Mhz: 2419, Mhz Limit: 2419

Memory: 4k page, system-wide physical 7971M (497M free)
TotalPageFile size 32547M (AvailPageFile size 4M)
current process WorkingSet (physical memory assigned to process): 289M, peak: 289M
current process commit charge ("private bytes"): 336M, peak: 370M

vm_info: Java HotSpot(TM) 64-Bit Server VM (21.0.3+7-LTS-152) for windows-amd64 JRE (21.0.3+7-LTS-152), built on 2024-03-11T17:42:26Z by "mach5one" with MS VC++ 17.6 (VS2022)

END.
